andrew,LOCAL_CHUNKS,1,68b94c96411d22a26a46c1029670d0a3236dee04,localhost,800
andrew,LOCAL_CHUNKS,2,f31c382b3c4ddd24ec9e175dde8534604c269272,localhost,800
P2PTracker,CHUNK_LOCATION_UNKNOWN,3
P2PTracker,CHUNK_LOCATION_UNKNOWN,3
arvin,LOCAL_CHUNKS,2,f31c382b3c4ddd24ec9e175dde8534604c269272,localhost,900
arvin,LOCAL_CHUNKS,3,a7fb2cbaeb88ba215d6abad413c31164569502af,localhost,900
P2PTracker,CHUNK_LOCATION_UNKNOWN,1
P2PTracker,CHUNK_LOCATION_UNKNOWN,3
P2PTracker,CHUNK_LOCATION_UNKNOWN,1
max,LOCAL_CHUNKS,1,68b94c96411d22a26a46c1029670d0a3236dee04,localhost,1000
max,LOCAL_CHUNKS,3,a7fb2cbaeb88ba215d6abad413c31164569502af,localhost,1000
P2PTracker,GET_CHUNK_FROM,2,f31c382b3c4ddd24ec9e175dde8534604c269272,localhost,800,localhost,900
max,REQUEST_CHUNK,2,localhost,800
max,LOCAL_CHUNKS,2,f31c382b3c4ddd24ec9e175dde8534604c269272,localhost,1000
P2PTracker,GET_CHUNK_FROM,3,a7fb2cbaeb88ba215d6abad413c31164569502af,localhost,900,localhost,1000
andrew,REQUEST_CHUNK,3,localhost,1000
andrew,LOCAL_CHUNKS,3,a7fb2cbaeb88ba215d6abad413c31164569502af,localhost,800
P2PTracker,GET_CHUNK_FROM,1,68b94c96411d22a26a46c1029670d0a3236dee04,localhost,800,localhost,1000
arvin,REQUEST_CHUNK,1,localhost,800
arvin,LOCAL_CHUNKS,1,68b94c96411d22a26a46c1029670d0a3236dee04,localhost,900
